<?xml version="1.0" encoding="UTF-8"?>
<!-- Generated by org.testng.reporters.JUnitReportReporter -->
<testsuite skipped="0" hostname="CPX-AZIOJCI3X0A" name="calcu.calculator" tests="1" failures="0" timestamp="21 mar 2018 16:39:08 GMT" time="58.396" errors="0">
  <testcase name="process" time="58.396" classname="calcu.calculator"/>
</testsuite> <!-- calcu.calculator -->
